<?xml version="1.0" encoding="UTF-8"?>
<!-- Generated by org.testng.reporters.JUnitReportReporter -->
<testsuite hostname="LAPTOP-F8VFH2TR" name="com.fedex.tests.OpenAccountTest" tests="1" failures="0" timestamp="17 Sep 2022 16:12:22 GMT" time="48.012" errors="0">
  <testcase name="OpenAnAccount" time="48.012" classname="com.fedex.tests.OpenAccountTest"/>
</testsuite> <!-- com.fedex.tests.OpenAccountTest -->
