<?xml version="1.0" encoding="UTF-8"?>
<!-- Generated by org.testng.reporters.JUnitReportReporter -->
<testsuite hostname="DESKTOP-I1DRK05" failures="0" tests="1" name="com.fedex.tests.ContactUsTest" time="12.748" errors="0" timestamp="2022-09-18T14:07:37 CEST" skipped="0">
  <testcase classname="com.fedex.tests.ContactUsTest" name="ContactUs" time="12.748"/>
  <system-out/>
</testsuite> <!-- com.fedex.tests.ContactUsTest -->
