<?xml version="1.0" encoding="UTF-8"?>
<!-- Generated by org.testng.reporters.JUnitReportReporter -->
<testsuite hostname="DESKTOP-I1DRK05" failures="0" tests="1" name="com.fedex.tests.Schedule_a_pickupTest" time="29.434" errors="0" timestamp="2022-09-18T14:07:37 CEST" skipped="0">
  <testcase classname="com.fedex.tests.Schedule_a_pickupTest" name="schedulePickup" time="29.434"/>
  <system-out/>
</testsuite> <!-- com.fedex.tests.Schedule_a_pickupTest -->
